\BOOKMARK [2][-]{subsection.0.1}{Abbreviations}{}% 1
\BOOKMARK [1][-]{section.1}{Introduction}{}% 2
\BOOKMARK [2][-]{subsection.1.1}{Abstract}{section.1}% 3
\BOOKMARK [2][-]{subsection.1.2}{Overview of this report}{section.1}% 4
\BOOKMARK [2][-]{subsection.1.3}{Background}{section.1}% 5
\BOOKMARK [1][-]{section.2}{Theoretical background}{}% 6
\BOOKMARK [2][-]{subsection.2.1}{Database system}{section.2}% 7
\BOOKMARK [3][-]{subsubsection.2.1.1}{Relational database database}{subsection.2.1}% 8
\BOOKMARK [3][-]{subsubsection.2.1.2}{NoSQL database}{subsection.2.1}% 9
\BOOKMARK [1][-]{section.3}{Design of the harbor system}{}% 10
\BOOKMARK [2][-]{subsection.3.1}{Requirements}{section.3}% 11
\BOOKMARK [2][-]{subsection.3.2}{Architecture}{section.3}% 12
\BOOKMARK [2][-]{subsection.3.3}{Hardware}{section.3}% 13
\BOOKMARK [3][-]{subsubsection.3.3.1}{Raspberry Pi}{subsection.3.3}% 14
\BOOKMARK [3][-]{subsubsection.3.3.2}{Application server}{subsection.3.3}% 15
\BOOKMARK [2][-]{subsection.3.4}{Implementation}{section.3}% 16
\BOOKMARK [3][-]{subsubsection.3.4.1}{Application Server}{subsection.3.4}% 17
\BOOKMARK [4][-]{paragraph.3.4.1.1}{REST}{subsubsection.3.4.1}% 18
\BOOKMARK [4][-]{paragraph.3.4.1.2}{MongoDB}{subsubsection.3.4.1}% 19
\BOOKMARK [4][-]{paragraph.3.4.1.3}{Nodejs}{subsubsection.3.4.1}% 20
\BOOKMARK [1][-]{section.4}{Conclusion}{}% 21
\BOOKMARK [1][-]{section.5}{References}{}% 22
